Begin: Loading essential drivers ... done.
Begin: Running /scripts/init-premount ... done.
Begin: Mounting root file system ... Begin: Running /scripts/local-top ... done.
Begin: Running /scripts/local-premount ... done.
Begin: Running /scripts/local-bottom ... done.
done.
Begin: Running /scripts/init-bottom ... done.
fsck from util-linux 2.20.1
DOROOT: clean, 50261/1310720 files, 521470/5242880 blocks
 * Starting configure network device security[74G[ OK ]
 * Stopping OpenSSH server[74G[ OK ]
 * Starting OpenSSH server[74G[ OK ]
 * Starting configure network device[74G[ OK ]
 * Starting Mount network filesystems[74G[ OK ]
 * Stopping Mount network filesystems[74G[ OK ]
 * Starting vsftpd daemon[74G[ OK ]
 * Starting configure network device security[74G[ OK ]
 * Starting Mount network filesystems[74G[ OK ]
 * Starting Failsafe Boot Delay[74G[ OK ]
 * Starting configure network device[74G[ OK ]
 * Stopping Failsafe Boot Delay[74G[ OK ]
 * Stopping Mount network filesystems[74G[ OK ]
 * Starting System V initialisation compatibility[74G[ OK ]
Starting Ajenti:
 * Stopping System V initialisation compatibility[74G[ OK ]
 * Starting System V runlevel compatibility[74G[ OK ]
 * Starting save kernel messages[74G[ OK ]
 * Starting anac(h)ronistic cron[74G[ OK ]
 * Starting ACPI daemon[74G[ OK ]
 * Starting regular background program processing daemon[74G[ OK ]
 * Starting deferred execution scheduler[74G[ OK ]
 * Stopping anac(h)ronistic cron[74G[ OK ]
 * Stopping cold plug devices[74G[ OK ]
 * Stopping log initial device creation[74G[ OK ]
 * Starting The PHP FastCGI Process Manager[74G[ OK ]
 * Starting enable remaining boot-time encrypted block devices[74G[ OK ]
 * Starting configure virtual network devices[74G[ OK ]
 * Stopping enable remaining boot-time encrypted block devices[74G[ OK ]
 * Stopping configure virtual network devices[74G[ OK ]
 * Starting configure network device security[74G[ OK ]
 * Stopping save kernel messages[74G[ OK ]
 * Starting Bridge socket events into upstart[74G[ OK ]
[37m18.03.2014 21:50 [0m[32mINFO[0m  Using config file /etc/ajenti/config.json
 * started
SSL tunnels disabled, see /etc/default/stunnel4
Rather than invoking init scripts through /etc/init.d, use the service(8)
utility, e.g. service S02vsftpd start
initctl: Unknown job: S02vsftpd

Since the script you are attempting to invoke has been converted to an
Upstart job, you may also use the start(8) utility, e.g. start S02vsftpd
 * Stopping System V runlevel compatibility[74G[ OK ]
